# JRE version: Java(TM) SE Runtime Environment (8.0_171-b11) (build 1.8.0_171-b11)
# Java VM: Java HotSpot(TM) 64-Bit Server VM (25.171-b11 mixed mode windows-amd64 compressed oops)
Heap:
 PSYoungGen      total 206848K, used 110479K [0x00000000d5d80000, 0x00000000e6c00000, 0x0000000100000000)
  eden space 189952K, 58% used [0x00000000d5d80000,0x00000000dc963de8,0x00000000e1700000)
  from space 16896K, 0% used [0x00000000e1700000,0x00000000e1700000,0x00000000e2780000)
  to   space 16896K, 0% used [0x00000000e5b80000,0x00000000e5b80000,0x00000000e6c00000)
 ParOldGen       total 93696K, used 26360K [0x0000000081800000, 0x0000000087380000, 0x00000000d5d80000)
  object space 93696K, 28% used [0x0000000081800000,0x00000000831be2a0,0x0000000087380000)
 Metaspace       used 61134K, capacity 63742K, committed 63892K, reserved 1103872K
  class space    used 8343K, capacity 8819K, committed 8892K, reserved 1048576K
GC Heap History (10 events):
Event: 8.718 GC heap before
{Heap before GC invocations=10 (full 2):
 PSYoungGen      total 162816K, used 11252K [0x00000000d5d80000, 0x00000000e3300000, 0x0000000100000000)
  eden space 151552K, 0% used [0x00000000d5d80000,0x00000000d5d80000,0x00000000df180000)
  from space 11264K, 99% used [0x00000000dff80000,0x00000000e0a7d2d8,0x00000000e0a80000)
  to   space 14336K, 0% used [0x00000000df180000,0x00000000df180000,0x00000000dff80000)
 ParOldGen       total 60416K, used 15561K [0x0000000081800000, 0x0000000085300000, 0x00000000d5d80000)
  object space 60416K, 25% used [0x0000000081800000,0x0000000082732530,0x0000000085300000)
 Metaspace       used 33807K, capacity 35394K, committed 35416K, reserved 1079296K
  class space    used 4403K, capacity 4719K, committed 4736K, reserved 1048576K
Event: 8.820 GC heap after
Heap after GC invocations=10 (full 2):
 PSYoungGen      total 162816K, used 0K [0x00000000d5d80000, 0x00000000e3300000, 0x0000000100000000)
  eden space 151552K, 0% used [0x00000000d5d80000,0x00000000d5d80000,0x00000000df180000)
  from space 11264K, 0% used [0x00000000dff80000,0x00000000dff80000,0x00000000e0a80000)
  to   space 14336K, 0% used [0x00000000df180000,0x00000000df180000,0x00000000dff80000)
 ParOldGen       total 93696K, used 18666K [0x0000000081800000, 0x0000000087380000, 0x00000000d5d80000)
  object space 93696K, 19% used [0x0000000081800000,0x0000000082a3aa98,0x0000000087380000)
 Metaspace       used 33807K, capacity 35394K, committed 35416K, reserved 1079296K
  class space    used 4403K, capacity 4719K, committed 4736K, reserved 1048576K
}
Event: 10.157 GC heap before
{Heap before GC invocations=11 (full 2):
 PSYoungGen      total 162816K, used 151552K [0x00000000d5d80000, 0x00000000e3300000, 0x0000000100000000)
  eden space 151552K, 100% used [0x00000000d5d80000,0x00000000df180000,0x00000000df180000)
  from space 11264K, 0% used [0x00000000dff80000,0x00000000dff80000,0x00000000e0a80000)
  to   space 14336K, 0% used [0x00000000df180000,0x00000000df180000,0x00000000dff80000)
 ParOldGen       total 93696K, used 18666K [0x0000000081800000, 0x0000000087380000, 0x00000000d5d80000)
  object space 93696K, 19% used [0x0000000081800000,0x0000000082a3aa98,0x0000000087380000)
 Metaspace       used 39838K, capacity 41520K, committed 41816K, reserved 1085440K
  class space    used 5306K, capacity 5654K, committed 5760K, reserved 1048576K
Event: 10.171 GC heap after
Heap after GC invocations=11 (full 2):
 PSYoungGen      total 165888K, used 7656K [0x00000000d5d80000, 0x00000000e3600000, 0x0000000100000000)
  eden space 151552K, 0% used [0x00000000d5d80000,0x00000000d5d80000,0x00000000df180000)
  from space 14336K, 53% used [0x00000000df180000,0x00000000df8fa390,0x00000000dff80000)
  to   space 13824K, 0% used [0x00000000e2880000,0x00000000e2880000,0x00000000e3600000)
 ParOldGen       total 93696K, used 18674K [0x0000000081800000, 0x0000000087380000, 0x00000000d5d80000)
  object space 93696K, 19% used [0x0000000081800000,0x0000000082a3ca98,0x0000000087380000)
 Metaspace       used 39838K, capacity 41520K, committed 41816K, reserved 1085440K
  class space    used 5306K, capacity 5654K, committed 5760K, reserved 1048576K
}
Event: 16.306 GC heap before
{Heap before GC invocations=12 (full 2):
 PSYoungGen      total 165888K, used 159208K [0x00000000d5d80000, 0x00000000e3600000, 0x0000000100000000)
  eden space 151552K, 100% used [0x00000000d5d80000,0x00000000df180000,0x00000000df180000)
  from space 14336K, 53% used [0x00000000df180000,0x00000000df8fa390,0x00000000dff80000)
  to   space 13824K, 0% used [0x00000000e2880000,0x00000000e2880000,0x00000000e3600000)
 ParOldGen       total 93696K, used 18674K [0x0000000081800000, 0x0000000087380000, 0x00000000d5d80000)
  object space 93696K, 19% used [0x0000000081800000,0x0000000082a3ca98,0x0000000087380000)
 Metaspace       used 52746K, capacity 54616K, committed 55000K, reserved 1097728K
  class space    used 7192K, capacity 7554K, committed 7680K, reserved 1048576K
Event: 16.335 GC heap after
Heap after GC invocations=12 (full 2):
 PSYoungGen      total 203776K, used 13809K [0x00000000d5d80000, 0x00000000e3800000, 0x0000000100000000)
  eden space 189952K, 0% used [0x00000000d5d80000,0x00000000d5d80000,0x00000000e1700000)
  from space 13824K, 99% used [0x00000000e2880000,0x00000000e35fc5a8,0x00000000e3600000)
  to   space 16896K, 0% used [0x00000000e1700000,0x00000000e1700000,0x00000000e2780000)
 ParOldGen       total 93696K, used 21700K [0x0000000081800000, 0x0000000087380000, 0x00000000d5d80000)
  object space 93696K, 23% used [0x0000000081800000,0x0000000082d311f0,0x0000000087380000)
 Metaspace       used 52746K, capacity 54616K, committed 55000K, reserved 1097728K
  class space    used 7192K, capacity 7554K, committed 7680K, reserved 1048576K
}
Event: 18.206 GC heap before
{Heap before GC invocations=13 (full 2):
 PSYoungGen      total 203776K, used 58402K [0x00000000d5d80000, 0x00000000e3800000, 0x0000000100000000)
  eden space 189952K, 23% used [0x00000000d5d80000,0x00000000d890c5a0,0x00000000e1700000)
  from space 13824K, 99% used [0x00000000e2880000,0x00000000e35fc5a8,0x00000000e3600000)
  to   space 16896K, 0% used [0x00000000e1700000,0x00000000e1700000,0x00000000e2780000)
 ParOldGen       total 93696K, used 21700K [0x0000000081800000, 0x0000000087380000, 0x00000000d5d80000)
  object space 93696K, 23% used [0x0000000081800000,0x0000000082d311f0,0x0000000087380000)
 Metaspace       used 56615K, capacity 58944K, committed 59028K, reserved 1099776K
  class space    used 7693K, capacity 8116K, committed 8124K, reserved 1048576K
Event: 18.257 GC heap after
Heap after GC invocations=13 (full 2):
 PSYoungGen      total 206848K, used 10608K [0x00000000d5d80000, 0x00000000e6c00000, 0x0000000100000000)
  eden space 189952K, 0% used [0x00000000d5d80000,0x00000000d5d80000,0x00000000e1700000)
  from space 16896K, 62% used [0x00000000e1700000,0x00000000e215c3b0,0x00000000e2780000)
  to   space 16896K, 0% used [0x00000000e5b80000,0x00000000e5b80000,0x00000000e6c00000)
 ParOldGen       total 93696K, used 21708K [0x0000000081800000, 0x0000000087380000, 0x00000000d5d80000)
  object space 93696K, 23% used [0x0000000081800000,0x0000000082d331f0,0x0000000087380000)
 Metaspace       used 56615K, capacity 58944K, committed 59028K, reserved 1099776K
  class space    used 7693K, capacity 8116K, committed 8124K, reserved 1048576K
}
Event: 18.257 GC heap before
{Heap before GC invocations=14 (full 3):
 PSYoungGen      total 206848K, used 10608K [0x00000000d5d80000, 0x00000000e6c00000, 0x0000000100000000)
  eden space 189952K, 0% used [0x00000000d5d80000,0x00000000d5d80000,0x00000000e1700000)
  from space 16896K, 62% used [0x00000000e1700000,0x00000000e215c3b0,0x00000000e2780000)
  to   space 16896K, 0% used [0x00000000e5b80000,0x00000000e5b80000,0x00000000e6c00000)
 ParOldGen       total 93696K, used 21708K [0x0000000081800000, 0x0000000087380000, 0x00000000d5d80000)
  object space 93696K, 23% used [0x0000000081800000,0x0000000082d331f0,0x0000000087380000)
 Metaspace       used 56615K, capacity 58944K, committed 59028K, reserved 1099776K
  class space    used 7693K, capacity 8116K, committed 8124K, reserved 1048576K
Event: 18.599 GC heap after
Heap after GC invocations=14 (full 3):
 PSYoungGen      total 206848K, used 0K [0x00000000d5d80000, 0x00000000e6c00000, 0x0000000100000000)
  eden space 189952K, 0% used [0x00000000d5d80000,0x00000000d5d80000,0x00000000e1700000)
  from space 16896K, 0% used [0x00000000e1700000,0x00000000e1700000,0x00000000e2780000)
  to   space 16896K, 0% used [0x00000000e5b80000,0x00000000e5b80000,0x00000000e6c00000)
 ParOldGen       total 93696K, used 26360K [0x0000000081800000, 0x0000000087380000, 0x00000000d5d80000)
  object space 93696K, 28% used [0x0000000081800000,0x00000000831be2a0,0x0000000087380000)
 Metaspace       used 56615K, capacity 58944K, committed 59028K, reserved 1099776K
  class space    used 7693K, capacity 8116K, committed 8124K, reserved 1048576K
}

